0 info it worked if it ends with ok
1 verbose cli [ '/usr/bin/node', '/usr/bin/npm', 'install', 'sql' ]
2 info using npm@1.3.2
3 info using node@v0.10.13
4 verbose node symlink /usr/bin/node
5 verbose cache add [ 'sql', null ]
6 verbose cache add name=undefined spec="sql" args=["sql",null]
7 verbose parsed url { protocol: null,
7 verbose parsed url   slashes: null,
7 verbose parsed url   auth: null,
7 verbose parsed url   host: null,
7 verbose parsed url   port: null,
7 verbose parsed url   hostname: null,
7 verbose parsed url   hash: null,
7 verbose parsed url   search: null,
7 verbose parsed url   query: null,
7 verbose parsed url   pathname: 'sql',
7 verbose parsed url   path: 'sql',
7 verbose parsed url   href: 'sql' }
8 silly lockFile db1dfd45-sql sql
9 verbose lock sql /home/demohn/.npm/db1dfd45-sql.lock
10 silly lockFile db1dfd45-sql sql
11 verbose addNamed [ 'sql', '' ]
12 verbose addNamed [ null, '*' ]
13 silly lockFile 0bc89959-sql sql@
14 verbose lock sql@ /home/demohn/.npm/0bc89959-sql.lock
15 silly lockFile 0bc89959-sql sql@
16 error Error: EACCES, open '/home/demohn/.npm/0bc89959-sql.lock'
16 error  { [Error: EACCES, open '/home/demohn/.npm/0bc89959-sql.lock']
16 error   errno: 3,
16 error   code: 'EACCES',
16 error   path: '/home/demohn/.npm/0bc89959-sql.lock' }
17 error Please try running this command again as root/Administrator.
18 error System Linux 3.5.0-36-generic
19 error command "/usr/bin/node" "/usr/bin/npm" "install" "sql"
20 error cwd /home/demohn/Projects/_JavaScript/nodeJS/eventEmit
21 error node -v v0.10.13
22 error npm -v 1.3.2
23 error path /home/demohn/.npm/0bc89959-sql.lock
24 error code EACCES
25 error errno 3
26 error stack Error: EACCES, open '/home/demohn/.npm/0bc89959-sql.lock'
27 verbose exit [ 3, true ]
